[2019-11-08T21:06:04.575] [DEBUG] cheese - login => username:123213,password:21321
[2019-11-08T21:06:04.577] [DEBUG] cheese - 123213
[2019-11-08T21:06:04.611] [DEBUG] cheese - null
[2019-11-08T21:06:04.611] [DEBUG] cheese - null
[2019-11-08T21:07:59.003] [DEBUG] cheese - login => username:123,password:123
[2019-11-08T21:07:59.003] [DEBUG] cheese - 123
[2019-11-08T21:07:59.008] [DEBUG] cheese - null
[2019-11-08T21:07:59.008] [DEBUG] cheese - null
[2019-11-08T21:08:24.437] [DEBUG] cheese - login => username:123,password:123
[2019-11-08T21:08:24.437] [DEBUG] cheese - 123
[2019-11-08T21:08:24.439] [DEBUG] cheese - null
[2019-11-08T21:08:24.439] [DEBUG] cheese - null
[2019-11-08T21:08:50.643] [DEBUG] cheese - login => username:123,password:123
[2019-11-08T21:08:50.644] [DEBUG] cheese - 123
[2019-11-08T21:08:50.646] [DEBUG] cheese - null
[2019-11-08T21:08:50.646] [DEBUG] cheese - null
[2019-11-08T21:09:12.816] [DEBUG] cheese - login => username:123,password:123
[2019-11-08T21:09:12.816] [DEBUG] cheese - 123
[2019-11-08T21:09:12.819] [DEBUG] cheese - null
[2019-11-08T21:09:12.819] [DEBUG] cheese - null
[2019-11-08T21:09:40.570] [DEBUG] cheese - login => username:123,password:123
[2019-11-08T21:09:40.570] [DEBUG] cheese - 123
[2019-11-08T21:09:40.574] [DEBUG] cheese - null
[2019-11-08T21:09:40.574] [DEBUG] cheese - null
[2019-11-08T21:10:15.919] [DEBUG] cheese - login => username:123,password:123
[2019-11-08T21:10:15.919] [DEBUG] cheese - 123
[2019-11-08T21:10:15.923] [DEBUG] cheese - null
[2019-11-08T21:10:15.923] [DEBUG] cheese - null
[2019-11-08T21:10:23.404] [DEBUG] cheese - login => username:123,password:123
[2019-11-08T21:10:23.404] [DEBUG] cheese - 123
[2019-11-08T21:10:23.407] [DEBUG] cheese - null
[2019-11-08T21:10:23.407] [DEBUG] cheese - null
[2019-11-08T21:11:21.438] [DEBUG] cheese - login => username:123,password:123
[2019-11-08T21:11:21.438] [DEBUG] cheese - 123
[2019-11-08T21:11:21.442] [DEBUG] cheese - null
[2019-11-08T21:11:21.442] [DEBUG] cheese - null
[2019-11-08T21:12:34.361] [DEBUG] cheese - login => username:123,password:123
[2019-11-08T21:12:34.361] [DEBUG] cheese - 123
[2019-11-08T21:12:34.363] [DEBUG] cheese - null
[2019-11-08T21:12:34.363] [DEBUG] cheese - null
[2019-11-08T21:13:07.278] [DEBUG] cheese - login => username:123,password:123456
[2019-11-08T21:13:07.278] [DEBUG] cheese - 123
[2019-11-08T21:13:07.280] [DEBUG] cheese - null
[2019-11-08T21:13:07.280] [DEBUG] cheese - null
[2019-11-08T21:13:13.457] [DEBUG] cheese - login => username:admin,password:123456
[2019-11-08T21:13:13.457] [DEBUG] cheese - admin
[2019-11-08T21:13:13.462] [DEBUG] cheese - null
[2019-11-08T21:13:13.462] [DEBUG] cheese - null
[2019-11-08T21:14:48.237] [DEBUG] cheese - login => username:123,password:123
[2019-11-08T21:14:48.237] [DEBUG] cheese - 123
[2019-11-08T21:14:48.239] [DEBUG] cheese - null
[2019-11-08T21:14:48.239] [DEBUG] cheese - null
[2019-11-08T21:14:52.383] [DEBUG] cheese - login => username:admin,password:123
[2019-11-08T21:14:52.384] [DEBUG] cheese - admin
[2019-11-08T21:14:52.386] [DEBUG] cheese - null
[2019-11-08T21:14:52.386] [DEBUG] cheese - null
[2019-11-08T21:15:00.182] [DEBUG] cheese - login => username:admin,password:123456
[2019-11-08T21:15:00.183] [DEBUG] cheese - admin
[2019-11-08T21:15:00.185] [DEBUG] cheese - null
[2019-11-08T21:15:00.185] [DEBUG] cheese - null
[2019-11-08T21:15:46.008] [DEBUG] cheese - login => username:admin,password:123456
[2019-11-08T21:15:46.008] [DEBUG] cheese - admin
[2019-11-08T21:15:46.011] [DEBUG] cheese - null
[2019-11-08T21:15:46.011] [DEBUG] cheese - null
[2019-11-08T21:36:34.693] [DEBUG] cheese - login => username:admin,password:123456
[2019-11-08T21:36:34.693] [DEBUG] cheese - admin
[2019-11-08T21:36:34.703] [DEBUG] cheese - null
[2019-11-08T21:36:34.703] [DEBUG] cheese - null
[2019-11-08T21:36:51.903] [DEBUG] cheese - login => username:admin,password:123456
[2019-11-08T21:36:51.903] [DEBUG] cheese - admin
[2019-11-08T21:36:51.907] [DEBUG] cheese - null
[2019-11-08T21:36:51.907] [DEBUG] cheese - null
[2019-11-08T21:37:47.536] [DEBUG] cheese - login => username:admin,password:123456
[2019-11-08T21:37:47.536] [DEBUG] cheese - admin
[2019-11-08T21:37:47.539] [DEBUG] cheese - null
[2019-11-08T21:37:47.539] [DEBUG] cheese - null
[2019-11-08T21:39:32.318] [DEBUG] cheese - login => username:admin,password:123456
[2019-11-08T21:39:32.318] [DEBUG] cheese - admin
[2019-11-08T21:39:32.321] [DEBUG] cheese - null
[2019-11-08T21:39:32.321] [DEBUG] cheese - null
[2019-11-08T21:39:47.183] [DEBUG] cheese - login => username:admin,password:123456
[2019-11-08T21:39:47.183] [DEBUG] cheese - admin
[2019-11-08T21:39:47.185] [DEBUG] cheese - null
[2019-11-08T21:39:47.185] [DEBUG] cheese - null
[2019-11-08T21:40:13.382] [DEBUG] cheese - login => username:admin,password:123
[2019-11-08T21:40:13.382] [DEBUG] cheese - admin
[2019-11-08T21:40:13.383] [DEBUG] cheese - null
[2019-11-08T21:40:13.384] [DEBUG] cheese - null
[2019-11-08T21:40:22.803] [DEBUG] cheese - login => username:admin,password:123
[2019-11-08T21:40:22.803] [DEBUG] cheese - admin
[2019-11-08T21:40:22.806] [DEBUG] cheese - null
[2019-11-08T21:40:22.806] [DEBUG] cheese - null
[2019-11-08T21:44:05.665] [DEBUG] cheese - login => username:admin,password:123456
[2019-11-08T21:44:05.665] [DEBUG] cheese - admin
[2019-11-08T21:44:05.670] [DEBUG] cheese - null
[2019-11-08T21:44:05.670] [DEBUG] cheese - null
[2019-11-08T21:45:21.777] [DEBUG] cheese - login => username:admin,password:123456
[2019-11-08T21:45:21.777] [DEBUG] cheese - admin
[2019-11-08T21:45:21.781] [DEBUG] cheese - null
[2019-11-08T21:45:21.781] [DEBUG] cheese - null
[2019-11-08T21:46:22.083] [DEBUG] cheese - login => username:admin,password:123456
[2019-11-08T21:46:22.083] [DEBUG] cheese - admin
[2019-11-08T21:46:22.090] [DEBUG] cheese - null
[2019-11-08T21:46:22.090] [DEBUG] cheese - null
[2019-11-14T16:08:03.776] [DEBUG] cheese - login => username:admin,password:123456
[2019-11-14T16:08:03.777] [DEBUG] cheese - admin
[2019-11-14T16:08:03.814] [DEBUG] cheese - null
[2019-11-14T16:08:03.814] [DEBUG] cheese - null
[2019-11-14T16:08:25.554] [DEBUG] cheese - login => username:admin,password:123456
[2019-11-14T16:08:25.554] [DEBUG] cheese - admin
[2019-11-14T16:08:25.557] [DEBUG] cheese - null
[2019-11-14T16:08:25.557] [DEBUG] cheese - null
[2019-11-14T16:11:13.457] [DEBUG] cheese - login => username:admin,password:123456
[2019-11-14T16:11:13.457] [DEBUG] cheese - admin
[2019-11-14T16:11:13.462] [DEBUG] cheese - null
[2019-11-14T16:11:13.462] [DEBUG] cheese - null
[2019-11-14T16:11:53.096] [DEBUG] cheese - login => username:admin,password:123456
[2019-11-14T16:11:53.096] [DEBUG] cheese - admin
[2019-11-14T16:11:53.098] [DEBUG] cheese - null
[2019-11-14T16:11:53.098] [DEBUG] cheese - null
[2019-11-14T16:16:25.864] [DEBUG] cheese - login => username:admin,password:123456
[2019-11-14T16:16:25.864] [DEBUG] cheese - admin
[2019-11-14T16:16:25.868] [DEBUG] cheese - null
[2019-11-14T16:16:25.868] [DEBUG] cheese - null
[2019-11-14T16:23:04.351] [DEBUG] cheese - login => username:admin,password:123456
[2019-11-14T16:23:04.351] [DEBUG] cheese - admin
[2019-11-14T16:23:04.357] [DEBUG] cheese - null
[2019-11-14T16:23:04.357] [DEBUG] cheese - null
[2019-11-14T16:25:44.926] [DEBUG] cheese - login => username:admin,password:123456
[2019-11-14T16:25:44.926] [DEBUG] cheese - admin
[2019-11-14T16:25:44.930] [DEBUG] cheese - null
[2019-11-14T16:25:44.931] [DEBUG] cheese - null
[2019-11-14T16:30:24.898] [DEBUG] cheese - login => username:admin,password:123456
[2019-11-14T16:30:24.898] [DEBUG] cheese - admin
[2019-11-14T16:30:24.903] [DEBUG] cheese - null
[2019-11-14T16:30:24.903] [DEBUG] cheese - null
[2019-11-14T16:30:45.657] [DEBUG] cheese - login => username:admin,password:123456
[2019-11-14T16:30:45.657] [DEBUG] cheese - admin
[2019-11-14T16:30:45.659] [DEBUG] cheese - null
[2019-11-14T16:30:45.659] [DEBUG] cheese - null
[2019-11-14T16:31:19.647] [DEBUG] cheese - login => username:admin,password:123456
[2019-11-14T16:31:19.647] [DEBUG] cheese - admin
[2019-11-14T16:31:19.649] [DEBUG] cheese - null
[2019-11-14T16:31:19.649] [DEBUG] cheese - null
[2019-11-14T16:32:17.440] [DEBUG] cheese - login => username:admin,password:123456
[2019-11-14T16:32:17.440] [DEBUG] cheese - admin
[2019-11-14T16:32:17.442] [DEBUG] cheese - null
[2019-11-14T16:32:17.442] [DEBUG] cheese - null
[2019-11-14T16:33:51.765] [DEBUG] cheese - login => username:admin,password:123456
[2019-11-14T16:33:51.765] [DEBUG] cheese - admin
[2019-11-14T16:33:51.768] [DEBUG] cheese - null
[2019-11-14T16:33:51.768] [DEBUG] cheese - null
[2019-11-14T16:33:59.376] [DEBUG] cheese - login => username:admin,password:123456
[2019-11-14T16:33:59.377] [DEBUG] cheese - admin
[2019-11-14T16:33:59.378] [DEBUG] cheese - null
[2019-11-14T16:33:59.378] [DEBUG] cheese - null
[2019-11-14T16:37:37.804] [DEBUG] cheese - login => username:admin,password:123456
[2019-11-14T16:37:37.804] [DEBUG] cheese - admin
[2019-11-14T16:37:37.808] [DEBUG] cheese - null
[2019-11-14T16:37:37.808] [DEBUG] cheese - null
[2019-11-14T16:40:04.762] [DEBUG] cheese - login => username:admin,password:123456
[2019-11-14T16:40:04.762] [DEBUG] cheese - admin
[2019-11-14T16:40:04.766] [DEBUG] cheese - null
[2019-11-14T16:40:04.766] [DEBUG] cheese - null
[2019-11-14T16:59:11.238] [DEBUG] cheese - login => username:admin,password:123456
[2019-11-14T16:59:11.238] [DEBUG] cheese - admin
[2019-11-14T16:59:11.248] [DEBUG] cheese - null
[2019-11-14T16:59:11.248] [DEBUG] cheese - null
[2019-11-26T10:34:21.135] [DEBUG] cheese - login => username:admin,password:123456
[2019-11-26T10:34:21.137] [DEBUG] cheese - admin
[2019-11-26T10:34:21.167] [DEBUG] cheese - null
[2019-11-26T10:34:21.168] [DEBUG] cheese - null
[2019-11-26T10:34:33.582] [DEBUG] cheese - login => username:admin,password:123456
[2019-11-26T10:34:33.582] [DEBUG] cheese - admin
[2019-11-26T10:34:33.585] [DEBUG] cheese - null
[2019-11-26T10:34:33.585] [DEBUG] cheese - null
[2019-11-26T10:39:45.323] [DEBUG] cheese - login => username:admin,password:123456
[2019-11-26T10:39:45.324] [DEBUG] cheese - admin
[2019-11-26T10:39:45.330] [DEBUG] cheese - null
[2019-11-26T10:39:45.330] [DEBUG] cheese - null
[2019-11-26T11:19:38.767] [DEBUG] cheese - login => username:admin,password:123456
[2019-11-26T11:19:38.768] [DEBUG] cheese - admin
[2019-11-26T11:19:38.774] [DEBUG] cheese - null
[2019-11-26T11:19:38.774] [DEBUG] cheese - null
[2019-11-26T11:23:07.411] [DEBUG] cheese - login => username:admin,password:123456
[2019-11-26T11:23:07.411] [DEBUG] cheese - admin
[2019-11-26T11:23:07.414] [DEBUG] cheese - null
[2019-11-26T11:23:07.414] [DEBUG] cheese - null
[2020-03-15T09:10:35.023] [DEBUG] cheese - login => username:admin,password:123456
[2020-03-15T09:10:35.024] [DEBUG] cheese - admin
[2020-03-15T09:10:35.044] [DEBUG] cheese - null
[2020-03-15T09:10:35.044] [DEBUG] cheese - null
[2020-03-24T16:14:46.853] [DEBUG] cheese - login => username:admin123,password:1231233
[2020-03-24T16:14:46.854] [DEBUG] cheese - admin123
[2020-03-24T16:14:46.872] [DEBUG] cheese - null
[2020-03-24T16:14:46.872] [DEBUG] cheese - null
[2020-03-24T16:15:42.089] [DEBUG] cheese - login => username:admin,password:123456
[2020-03-24T16:15:42.089] [DEBUG] cheese - admin
[2020-03-24T16:15:42.095] [DEBUG] cheese - null
[2020-03-24T16:15:42.096] [DEBUG] cheese - null
[2020-03-24T16:16:07.076] [DEBUG] cheese - login => username:admin,password:123456
[2020-03-24T16:16:07.076] [DEBUG] cheese - admin
[2020-03-24T16:16:07.080] [DEBUG] cheese - null
[2020-03-24T16:16:07.080] [DEBUG] cheese - null
[2020-03-24T16:19:29.767] [DEBUG] cheese - login => username:admin,password:123456
[2020-03-24T16:19:29.767] [DEBUG] cheese - admin
[2020-03-24T16:19:29.773] [DEBUG] cheese - null
[2020-03-24T16:19:29.773] [DEBUG] cheese - null
[2020-03-24T16:19:33.663] [DEBUG] cheese - login => username:admin,password:123456
[2020-03-24T16:19:33.663] [DEBUG] cheese - admin
[2020-03-24T16:19:33.666] [DEBUG] cheese - null
[2020-03-24T16:19:33.666] [DEBUG] cheese - null
[2020-03-24T16:20:15.618] [DEBUG] cheese - login => username:admin,password:123456
[2020-03-24T16:20:15.618] [DEBUG] cheese - admin
[2020-03-24T16:20:15.620] [DEBUG] cheese - null
[2020-03-24T16:20:15.620] [DEBUG] cheese - null
[2020-03-24T16:23:36.897] [DEBUG] cheese - login => username:admin,password:123456
[2020-03-24T16:23:36.897] [DEBUG] cheese - admin
[2020-03-24T16:23:36.902] [DEBUG] cheese - null
[2020-03-24T16:23:36.902] [DEBUG] cheese - null
[2020-03-24T16:29:22.190] [DEBUG] cheese - login => username:admin,password:123456
[2020-03-24T16:29:22.190] [DEBUG] cheese - admin
[2020-03-24T16:29:22.195] [DEBUG] cheese - null
[2020-03-24T16:29:22.195] [DEBUG] cheese - null
[2020-03-24T16:29:44.613] [DEBUG] cheese - login => username:admin,password:123456
[2020-03-24T16:29:44.614] [DEBUG] cheese - admin
[2020-03-24T16:29:44.617] [DEBUG] cheese - null
[2020-03-24T16:29:44.617] [DEBUG] cheese - null
[2020-03-24T16:31:16.779] [DEBUG] cheese - login => username:admin,password:123456
[2020-03-24T16:31:16.779] [DEBUG] cheese - admin
[2020-03-24T16:31:16.782] [DEBUG] cheese - null
[2020-03-24T16:31:16.782] [DEBUG] cheese - null
[2020-03-24T16:31:46.590] [DEBUG] cheese - login => username:admin,password:123456
[2020-03-24T16:31:46.590] [DEBUG] cheese - admin
[2020-03-24T16:31:46.593] [DEBUG] cheese - null
[2020-03-24T16:31:46.593] [DEBUG] cheese - null
[2020-03-24T16:32:09.546] [DEBUG] cheese - login => username:admin,password:123456
[2020-03-24T16:32:09.546] [DEBUG] cheese - admin
[2020-03-24T16:32:09.548] [DEBUG] cheese - null
[2020-03-24T16:32:09.548] [DEBUG] cheese - null
[2020-03-24T16:33:00.143] [DEBUG] cheese - login => username:admin,password:123456
[2020-03-24T16:33:00.143] [DEBUG] cheese - admin
[2020-03-24T16:33:00.146] [DEBUG] cheese - null
[2020-03-24T16:33:00.146] [DEBUG] cheese - null
[2020-03-24T16:51:16.516] [DEBUG] cheese - login => username:admin,password:123456
[2020-03-24T16:51:16.516] [DEBUG] cheese - admin
[2020-03-24T16:51:16.522] [DEBUG] cheese - null
[2020-03-24T16:51:16.523] [DEBUG] cheese - null
[2020-03-24T16:51:42.606] [DEBUG] cheese - login => username:admin,password:123456
[2020-03-24T16:51:42.606] [DEBUG] cheese - admin
[2020-03-24T16:51:42.608] [DEBUG] cheese - null
[2020-03-24T16:51:42.608] [DEBUG] cheese - null
[2020-03-24T16:52:13.317] [DEBUG] cheese - login => username:admin,password:123456
[2020-03-24T16:52:13.317] [DEBUG] cheese - admin
[2020-03-24T16:52:13.320] [DEBUG] cheese - null
[2020-03-24T16:52:13.320] [DEBUG] cheese - null
[2020-03-24T16:53:19.573] [DEBUG] cheese - login => username:admin,password:123456
[2020-03-24T16:53:19.573] [DEBUG] cheese - admin
[2020-03-24T16:53:19.576] [DEBUG] cheese - null
[2020-03-24T16:53:19.576] [DEBUG] cheese - null
[2020-03-24T16:53:22.147] [DEBUG] cheese - login => username:admin123,password:123456
[2020-03-24T16:53:22.147] [DEBUG] cheese - admin123
[2020-03-24T16:53:22.149] [DEBUG] cheese - null
[2020-03-24T16:53:22.149] [DEBUG] cheese - null
[2020-03-24T16:54:38.977] [DEBUG] cheese - login => username:admin123,password:123456
[2020-03-24T16:54:38.978] [DEBUG] cheese - admin123
[2020-03-24T16:54:38.980] [DEBUG] cheese - null
[2020-03-24T16:54:38.980] [DEBUG] cheese - null
[2020-03-24T16:54:41.920] [DEBUG] cheese - login => username:admin,password:123456
[2020-03-24T16:54:41.920] [DEBUG] cheese - admin
[2020-03-24T16:54:41.922] [DEBUG] cheese - null
[2020-03-24T16:54:41.922] [DEBUG] cheese - null
[2020-03-24T16:55:13.529] [DEBUG] cheese - login => username:admin,password:123456
[2020-03-24T16:55:13.529] [DEBUG] cheese - admin
[2020-03-24T16:55:13.532] [DEBUG] cheese - null
[2020-03-24T16:55:13.532] [DEBUG] cheese - null
[2020-03-24T16:55:16.495] [DEBUG] cheese - login => username:admin213,password:123456
[2020-03-24T16:55:16.495] [DEBUG] cheese - admin213
[2020-03-24T16:55:16.498] [DEBUG] cheese - null
[2020-03-24T16:55:16.498] [DEBUG] cheese - null
[2020-03-24T16:56:55.836] [DEBUG] cheese - login => username:admin,password:123456
[2020-03-24T16:56:55.836] [DEBUG] cheese - admin
[2020-03-24T16:56:55.838] [DEBUG] cheese - null
[2020-03-24T16:56:55.838] [DEBUG] cheese - null
[2020-03-24T16:59:12.730] [DEBUG] cheese - login => username:admin,password:123456
[2020-03-24T16:59:12.730] [DEBUG] cheese - admin
[2020-03-24T16:59:12.736] [DEBUG] cheese - null
[2020-03-24T16:59:12.736] [DEBUG] cheese - null
[2020-03-24T16:59:37.363] [DEBUG] cheese - login => username:admin,password:123456
[2020-03-24T16:59:37.363] [DEBUG] cheese - admin
[2020-03-24T16:59:37.365] [DEBUG] cheese - null
[2020-03-24T16:59:37.365] [DEBUG] cheese - null
[2020-03-24T17:08:42.280] [DEBUG] cheese - login => username:admin,password:123456
[2020-03-24T17:08:42.280] [DEBUG] cheese - admin
[2020-03-24T17:08:42.286] [DEBUG] cheese - null
[2020-03-24T17:08:42.286] [DEBUG] cheese - null
[2020-03-24T17:09:27.012] [DEBUG] cheese - login => username:admin,password:123456
[2020-03-24T17:09:27.012] [DEBUG] cheese - admin
[2020-03-24T17:09:27.013] [DEBUG] cheese - null
[2020-03-24T17:09:27.013] [DEBUG] cheese - null
[2020-03-24T17:16:46.935] [DEBUG] cheese - login => username:admin,password:123456
[2020-03-24T17:16:46.935] [DEBUG] cheese - admin
[2020-03-24T17:16:46.941] [DEBUG] cheese - null
[2020-03-24T17:16:46.941] [DEBUG] cheese - null
[2020-03-24T17:16:57.601] [DEBUG] cheese - login => username:admin,password:123456
[2020-03-24T17:16:57.601] [DEBUG] cheese - admin
[2020-03-24T17:16:57.603] [DEBUG] cheese - null
[2020-03-24T17:16:57.603] [DEBUG] cheese - null
[2020-03-24T17:17:06.375] [DEBUG] cheese - login => username:admin,password:123456
[2020-03-24T17:17:06.375] [DEBUG] cheese - admin
[2020-03-24T17:17:06.377] [DEBUG] cheese - null
[2020-03-24T17:17:06.378] [DEBUG] cheese - null
[2020-03-24T17:17:25.863] [DEBUG] cheese - login => username:admin,password:123456
[2020-03-24T17:17:25.863] [DEBUG] cheese - admin
[2020-03-24T17:17:25.864] [DEBUG] cheese - null
[2020-03-24T17:17:25.865] [DEBUG] cheese - null
[2020-03-24T17:17:30.875] [DEBUG] cheese - login => username:admin,password:123456
[2020-03-24T17:17:30.875] [DEBUG] cheese - admin
[2020-03-24T17:17:30.876] [DEBUG] cheese - null
[2020-03-24T17:17:30.876] [DEBUG] cheese - null
[2020-03-24T17:17:36.108] [DEBUG] cheese - login => username:admin,password:123456
[2020-03-24T17:17:36.108] [DEBUG] cheese - admin
[2020-03-24T17:17:36.109] [DEBUG] cheese - null
[2020-03-24T17:17:36.109] [DEBUG] cheese - null
[2020-03-24T17:17:55.424] [DEBUG] cheese - login => username:admin,password:123456
[2020-03-24T17:17:55.424] [DEBUG] cheese - admin
[2020-03-24T17:17:55.426] [DEBUG] cheese - null
[2020-03-24T17:17:55.426] [DEBUG] cheese - null
[2020-03-24T17:18:02.159] [DEBUG] cheese - login => username:admin,password:123456
[2020-03-24T17:18:02.159] [DEBUG] cheese - admin
[2020-03-24T17:18:02.161] [DEBUG] cheese - null
[2020-03-24T17:18:02.161] [DEBUG] cheese - null
[2020-03-24T17:25:09.991] [DEBUG] cheese - login => username:admin,password:123456
[2020-03-24T17:25:09.992] [DEBUG] cheese - admin
[2020-03-24T17:25:09.997] [DEBUG] cheese - null
[2020-03-24T17:25:09.997] [DEBUG] cheese - null
[2020-03-24T17:25:13.465] [DEBUG] cheese - login => username:admin,password:123456
[2020-03-24T17:25:13.465] [DEBUG] cheese - admin
[2020-03-24T17:25:13.467] [DEBUG] cheese - null
[2020-03-24T17:25:13.467] [DEBUG] cheese - null
[2020-03-24T17:25:54.001] [DEBUG] cheese - login => username:admin,password:123456
[2020-03-24T17:25:54.001] [DEBUG] cheese - admin
[2020-03-24T17:25:54.003] [DEBUG] cheese - null
[2020-03-24T17:25:54.003] [DEBUG] cheese - null
[2020-03-24T17:26:52.798] [DEBUG] cheese - login => username:admin,password:123456
[2020-03-24T17:26:52.798] [DEBUG] cheese - admin
[2020-03-24T17:26:52.800] [DEBUG] cheese - null
[2020-03-24T17:26:52.800] [DEBUG] cheese - null
[2020-03-24T17:27:50.109] [DEBUG] cheese - login => username:admin,password:123456
[2020-03-24T17:27:50.110] [DEBUG] cheese - admin
[2020-03-24T17:27:50.111] [DEBUG] cheese - null
[2020-03-24T17:27:50.111] [DEBUG] cheese - null
[2020-03-24T17:27:55.800] [DEBUG] cheese - login => username:admin,password:123456
[2020-03-24T17:27:55.800] [DEBUG] cheese - admin
[2020-03-24T17:27:55.802] [DEBUG] cheese - null
[2020-03-24T17:27:55.802] [DEBUG] cheese - null
[2020-03-24T17:29:55.386] [DEBUG] cheese - login => username:admin,password:123456
[2020-03-24T17:29:55.386] [DEBUG] cheese - admin
[2020-03-24T17:29:55.388] [DEBUG] cheese - null
[2020-03-24T17:29:55.388] [DEBUG] cheese - null
[2020-03-24T17:35:31.319] [DEBUG] cheese - login => username:admin,password:123456
[2020-03-24T17:35:31.319] [DEBUG] cheese - admin
[2020-03-24T17:35:31.324] [DEBUG] cheese - null
[2020-03-24T17:35:31.324] [DEBUG] cheese - null
[2020-03-24T17:38:31.566] [DEBUG] cheese - login => username:admin,password:123456
[2020-03-24T17:38:31.566] [DEBUG] cheese - admin
[2020-03-24T17:38:31.571] [DEBUG] cheese - null
[2020-03-24T17:38:31.571] [DEBUG] cheese - null
[2020-03-24T20:31:03.322] [DEBUG] cheese - login => username:admin,password:123456
[2020-03-24T20:31:03.323] [DEBUG] cheese - admin
[2020-03-24T20:31:03.343] [DEBUG] cheese - null
[2020-03-24T20:31:03.343] [DEBUG] cheese - null
[2020-03-24T21:24:21.418] [DEBUG] cheese - login => username:admin,password:123456
[2020-03-24T21:24:21.419] [DEBUG] cheese - admin
[2020-03-24T21:24:21.427] [DEBUG] cheese - null
[2020-03-24T21:24:21.427] [DEBUG] cheese - null
[2020-03-24T21:24:25.418] [DEBUG] cheese - login => username:admin,password:123456
[2020-03-24T21:24:25.418] [DEBUG] cheese - admin
[2020-03-24T21:24:25.420] [DEBUG] cheese - null
[2020-03-24T21:24:25.420] [DEBUG] cheese - null
[2020-03-24T21:24:54.122] [DEBUG] cheese - login => username:admin,password:123456
[2020-03-24T21:24:54.122] [DEBUG] cheese - admin
[2020-03-24T21:24:54.124] [DEBUG] cheese - null
[2020-03-24T21:24:54.124] [DEBUG] cheese - null
[2020-03-24T21:24:56.968] [DEBUG] cheese - login => username:admin,password:123456
[2020-03-24T21:24:56.968] [DEBUG] cheese - admin
[2020-03-24T21:24:56.969] [DEBUG] cheese - null
[2020-03-24T21:24:56.970] [DEBUG] cheese - null
[2020-03-24T21:25:16.778] [DEBUG] cheese - login => username:admin,password:123456
[2020-03-24T21:25:16.778] [DEBUG] cheese - admin
[2020-03-24T21:25:16.780] [DEBUG] cheese - null
[2020-03-24T21:25:16.780] [DEBUG] cheese - null
[2020-03-24T21:26:10.273] [DEBUG] cheese - login => username:admin,password:123456
[2020-03-24T21:26:10.274] [DEBUG] cheese - admin
[2020-03-24T21:26:10.275] [DEBUG] cheese - null
[2020-03-24T21:26:10.276] [DEBUG] cheese - null
[2020-03-25T15:15:33.404] [DEBUG] cheese - login => username:admin,password:123456
[2020-03-25T15:15:33.405] [DEBUG] cheese - admin
[2020-03-25T15:15:33.424] [DEBUG] cheese - null
[2020-03-25T15:15:33.425] [DEBUG] cheese - null
[2020-03-25T17:28:05.437] [DEBUG] cheese - login => username:admin,password:123456
[2020-03-25T17:28:05.438] [DEBUG] cheese - admin
[2020-03-25T17:28:05.441] [DEBUG] cheese - null
[2020-03-25T17:28:05.441] [DEBUG] cheese - null
[2020-03-25T23:41:08.713] [DEBUG] cheese - login => username:admin,password:123456
[2020-03-25T23:41:08.714] [DEBUG] cheese - admin
[2020-03-25T23:41:08.733] [DEBUG] cheese - null
[2020-03-25T23:41:08.733] [DEBUG] cheese - null
[2020-03-26T13:31:23.449] [DEBUG] cheese - login => username:admin,password:123456
[2020-03-26T13:31:23.450] [DEBUG] cheese - admin
[2020-03-26T13:31:23.468] [DEBUG] cheese - null
[2020-03-26T13:31:23.469] [DEBUG] cheese - null
[2020-03-26T15:50:04.225] [DEBUG] cheese - login => username:admin,password:123456
[2020-03-26T15:50:04.225] [DEBUG] cheese - admin
[2020-03-26T15:50:04.228] [DEBUG] cheese - null
[2020-03-26T15:50:04.228] [DEBUG] cheese - null
[2020-03-27T15:41:48.755] [DEBUG] cheese - login => username:admin,password:123456
[2020-03-27T15:41:48.756] [DEBUG] cheese - admin
[2020-03-27T15:41:48.776] [DEBUG] cheese - null
[2020-03-27T15:41:48.776] [DEBUG] cheese - null
[2020-03-28T01:54:06.806] [DEBUG] cheese - login => username:admin,password:123456
[2020-03-28T01:54:06.807] [DEBUG] cheese - admin
[2020-03-28T01:54:06.826] [DEBUG] cheese - null
[2020-03-28T01:54:06.826] [DEBUG] cheese - null
[2020-03-30T13:40:15.221] [DEBUG] cheese - login => username:admin,password:123456
[2020-03-30T13:40:15.221] [DEBUG] cheese - admin
[2020-03-30T13:40:15.241] [DEBUG] cheese - null
[2020-03-30T13:40:15.242] [DEBUG] cheese - null
[2020-03-31T14:06:30.884] [DEBUG] cheese - login => username:admin,password:123456
[2020-03-31T14:06:30.885] [DEBUG] cheese - admin
[2020-03-31T14:06:30.905] [DEBUG] cheese - null
[2020-03-31T14:06:30.905] [DEBUG] cheese - null
[2020-03-31T14:21:29.223] [DEBUG] cheese - login => username:admin,password:123456
[2020-03-31T14:21:29.223] [DEBUG] cheese - admin
[2020-03-31T14:21:29.225] [DEBUG] cheese - null
[2020-03-31T14:21:29.225] [DEBUG] cheese - null
[2020-03-31T16:04:30.732] [DEBUG] cheese - null
[2020-03-31T16:06:35.662] [DEBUG] cheese - null
[2020-03-31T16:07:06.787] [DEBUG] cheese - null
[2020-03-31T16:08:26.308] [DEBUG] cheese - null
[2020-03-31T16:10:29.697] [DEBUG] cheese - null
[2020-03-31T16:10:51.419] [DEBUG] cheese - null
[2020-03-31T16:14:33.782] [DEBUG] cheese - null
[2020-03-31T16:28:56.194] [DEBUG] cheese - null
[2020-03-31T23:12:02.619] [DEBUG] cheese - login => username:admin,password:123456
[2020-03-31T23:12:02.620] [DEBUG] cheese - admin
[2020-03-31T23:12:02.638] [DEBUG] cheese - null
[2020-03-31T23:12:02.638] [DEBUG] cheese - null
[2020-04-01T14:07:21.583] [DEBUG] cheese - login => username:admin,password:123456
[2020-04-01T14:07:21.584] [DEBUG] cheese - admin
[2020-04-01T14:07:21.603] [DEBUG] cheese - null
[2020-04-01T14:07:21.603] [DEBUG] cheese - null
[2020-04-02T23:10:00.113] [DEBUG] cheese - login => username:admin,password:123456
[2020-04-02T23:10:00.114] [DEBUG] cheese - admin
[2020-04-02T23:10:00.141] [DEBUG] cheese - null
[2020-04-02T23:10:00.142] [DEBUG] cheese - null
[2020-04-03T12:59:48.083] [DEBUG] cheese - login => username:admin,password:123456
[2020-04-03T12:59:48.084] [DEBUG] cheese - admin
[2020-04-03T12:59:48.115] [DEBUG] cheese - null
[2020-04-03T12:59:48.115] [DEBUG] cheese - null
[2020-04-03T16:53:50.394] [DEBUG] cheese - login => username:admin,password:123456
[2020-04-03T16:53:50.395] [DEBUG] cheese - admin
[2020-04-03T16:53:50.403] [DEBUG] cheese - null
[2020-04-03T16:53:50.403] [DEBUG] cheese - null
[2020-04-04T15:40:29.054] [DEBUG] cheese - login => username:admin,password:123456
[2020-04-04T15:40:29.055] [DEBUG] cheese - admin
[2020-04-04T15:40:29.079] [DEBUG] cheese - null
[2020-04-04T15:40:29.079] [DEBUG] cheese - null
[2020-04-04T15:40:49.811] [DEBUG] cheese - null
[2020-04-05T16:10:48.463] [DEBUG] cheese - login => username:admin,password:123456
[2020-04-05T16:10:48.464] [DEBUG] cheese - admin
[2020-04-05T16:10:48.484] [DEBUG] cheese - null
[2020-04-05T16:10:48.484] [DEBUG] cheese - null
[2020-04-08T13:35:24.066] [DEBUG] cheese - login => username:admin,password:123456
[2020-04-08T13:35:24.066] [DEBUG] cheese - admin
[2020-04-08T13:35:24.085] [DEBUG] cheese - null
[2020-04-08T13:35:24.086] [DEBUG] cheese - null
[2020-04-08T13:36:30.791] [DEBUG] cheese - login => username:admin,password:123456
[2020-04-08T13:36:30.791] [DEBUG] cheese - admin
[2020-04-08T13:36:30.793] [DEBUG] cheese - null
[2020-04-08T13:36:30.793] [DEBUG] cheese - null
[2020-04-09T22:16:37.956] [DEBUG] cheese - login => username:admin,password:123456
[2020-04-09T22:16:37.957] [DEBUG] cheese - admin
[2020-04-09T22:16:37.991] [DEBUG] cheese - null
[2020-04-09T22:16:37.991] [DEBUG] cheese - null
[2020-04-11T10:12:01.865] [DEBUG] cheese - login => username:admin,password:123456
[2020-04-11T10:12:01.866] [DEBUG] cheese - admin
[2020-04-11T10:12:01.885] [DEBUG] cheese - null
[2020-04-11T10:12:01.885] [DEBUG] cheese - null
[2020-04-11T17:46:30.666] [DEBUG] cheese - login => username:admin,password:123456
[2020-04-11T17:46:30.667] [DEBUG] cheese - admin
[2020-04-11T17:46:30.678] [DEBUG] cheese - null
[2020-04-11T17:46:30.679] [DEBUG] cheese - null
[2020-04-12T10:25:07.178] [DEBUG] cheese - login => username:admin,password:123456
[2020-04-12T10:25:07.179] [DEBUG] cheese - admin
[2020-04-12T10:25:07.199] [DEBUG] cheese - null
[2020-04-12T10:25:07.199] [DEBUG] cheese - null
[2020-04-12T10:25:09.070] [DEBUG] cheese - login => username:admin,password:123456
[2020-04-12T10:25:09.070] [DEBUG] cheese - admin
[2020-04-12T10:25:09.074] [DEBUG] cheese - null
[2020-04-12T10:25:09.074] [DEBUG] cheese - null
[2020-04-13T08:49:09.853] [DEBUG] cheese - login => username:admin,password:123456
[2020-04-13T08:49:09.854] [DEBUG] cheese - admin
[2020-04-13T08:49:09.870] [DEBUG] cheese - null
[2020-04-13T08:49:09.871] [DEBUG] cheese - null
[2020-04-13T10:08:41.005] [DEBUG] cheese - login => username:admin,password:123456
[2020-04-13T10:08:41.005] [DEBUG] cheese - admin
[2020-04-13T10:08:41.008] [DEBUG] cheese - null
[2020-04-13T10:08:41.008] [DEBUG] cheese - null
[2020-04-13T15:00:02.111] [DEBUG] cheese - login => username:admin,password:123456
[2020-04-13T15:00:02.112] [DEBUG] cheese - admin
[2020-04-13T15:00:02.129] [DEBUG] cheese - null
[2020-04-13T15:00:02.130] [DEBUG] cheese - null
[2020-04-14T14:10:49.183] [DEBUG] cheese - login => username:admin,password:123456
[2020-04-14T14:10:49.184] [DEBUG] cheese - admin
[2020-04-14T14:10:49.202] [DEBUG] cheese - null
[2020-04-14T14:10:49.202] [DEBUG] cheese - null
[2020-04-14T14:12:11.856] [DEBUG] cheese - login => username:admin,password:123456
[2020-04-14T14:12:11.857] [DEBUG] cheese - admin
[2020-04-14T14:12:11.860] [DEBUG] cheese - null
[2020-04-14T14:12:11.860] [DEBUG] cheese - null
[2020-04-15T13:08:28.573] [DEBUG] cheese - login => username:admin,password:123456
[2020-04-15T13:08:28.574] [DEBUG] cheese - admin
[2020-04-15T13:08:28.590] [DEBUG] cheese - null
[2020-04-15T13:08:28.591] [DEBUG] cheese - null
[2020-04-15T13:10:04.785] [DEBUG] cheese - login => username:admin,password:123456
[2020-04-15T13:10:04.785] [DEBUG] cheese - admin
[2020-04-15T13:10:04.788] [DEBUG] cheese - null
[2020-04-15T13:10:04.788] [DEBUG] cheese - null
